============================= test session starts =============================
platform win32 -- Python 3.12.6, pytest-8.3.5, pluggy-1.5.0
rootdir: D:\Hacknight\braille-conversion-tool\backend
configfile: pytest.ini
plugins: anyio-4.12.1
collected 65 items

app\tests\test_auth.py ssss                                              [  6%]
app\tests\test_braille.py ......                                         [ 15%]
app\tests\test_braille_translation.py ............................       [ 58%]
app\tests\test_export.py sss                                             [ 63%]
app\tests\test_losses.py .....                                           [ 70%]
app\tests\test_metrics.py ........                                       [ 83%]
app\tests\test_ml_models.py ..FF.F                                       [ 92%]
app\tests\test_ocr.py sss                                                [ 96%]
app\tests\test_recognition_pipeline.py ss                                [100%]

================================== FAILURES ===================================
________________________ test_classifier_forward_shape ________________________

classifier = MobileNetV3(
  (features): Sequential(
    (0): Conv2dNormActivation(
      (0): Conv2d(3, 16, kernel_size=(3, 3), str...: Hardswish()
    (2): Dropout(p=0.2, inplace=True)
    (3): Linear(in_features=1024, out_features=64, bias=True)
  )
)

    def test_classifier_forward_shape(classifier):
        x = torch.randn(4, 1, settings.CELL_SIZE, settings.CELL_SIZE)
        with torch.no_grad():
>           out = classifier(x)

app\tests\test_ml_models.py:40: 
_ _ _ _ _ _ _ _ _ _ _ _ _ _ _ _ _ _ _ _ _ _ _ _ _ _ _ _ _ _ _ _ _ _ _ _ _ _ _ _
C:\Users\HP\AppData\Roaming\Python\Python312\site-packages\torch\nn\modules\module.py:1751: in _wrapped_call_impl
    return self._call_impl(*args, **kwargs)
C:\Users\HP\AppData\Roaming\Python\Python312\site-packages\torch\nn\modules\module.py:1762: in _call_impl
    return forward_call(*args, **kwargs)
C:\Users\HP\AppData\Roaming\Python\Python312\site-packages\torchvision\models\mobilenetv3.py:220: in forward
    return self._forward_impl(x)
C:\Users\HP\AppData\Roaming\Python\Python312\site-packages\torchvision\models\mobilenetv3.py:210: in _forward_impl
    x = self.features(x)
C:\Users\HP\AppData\Roaming\Python\Python312\site-packages\torch\nn\modules\module.py:1751: in _wrapped_call_impl
    return self._call_impl(*args, **kwargs)
C:\Users\HP\AppData\Roaming\Python\Python312\site-packages\torch\nn\modules\module.py:1762: in _call_impl
    return forward_call(*args, **kwargs)
C:\Users\HP\AppData\Roaming\Python\Python312\site-packages\torch\nn\modules\container.py:240: in forward
    input = module(input)
C:\Users\HP\AppData\Roaming\Python\Python312\site-packages\torch\nn\modules\module.py:1751: in _wrapped_call_impl
    return self._call_impl(*args, **kwargs)
C:\Users\HP\AppData\Roaming\Python\Python312\site-packages\torch\nn\modules\module.py:1762: in _call_impl
    return forward_call(*args, **kwargs)
C:\Users\HP\AppData\Roaming\Python\Python312\site-packages\torch\nn\modules\container.py:240: in forward
    input = module(input)
C:\Users\HP\AppData\Roaming\Python\Python312\site-packages\torch\nn\modules\module.py:1751: in _wrapped_call_impl
    return self._call_impl(*args, **kwargs)
C:\Users\HP\AppData\Roaming\Python\Python312\site-packages\torch\nn\modules\module.py:1762: in _call_impl
    return forward_call(*args, **kwargs)
C:\Users\HP\AppData\Roaming\Python\Python312\site-packages\torch\nn\modules\conv.py:554: in forward
    return self._conv_forward(input, self.weight, self.bias)
_ _ _ _ _ _ _ _ _ _ _ _ _ _ _ _ _ _ _ _ _ _ _ _ _ _ _ _ _ _ _ _ _ _ _ _ _ _ _ _

self = Conv2d(3, 16, kernel_size=(3, 3), stride=(2, 2), padding=(1, 1), bias=False)
input = tensor([[[[-1.3233e+00,  2.7539e+00,  1.0270e+00,  ...,  2.2711e-01,
           -1.5133e+00,  6.2312e-01],
          [...129e-03],
          [ 1.4505e+00, -1.2793e-01,  2.8419e-01,  ...,  1.0979e+00,
           -1.7005e-01,  4.2656e-01]]]])
weight = Parameter containing:
tensor([[[[ 0.0177, -0.0849,  0.1059],
          [ 0.2831,  0.0647, -0.1857],
          [-0.0581...-0.0027, -0.0695],
          [-0.0290, -0.0788,  0.0481],
          [-0.1489, -0.0522, -0.1876]]]], requires_grad=True)
bias = None

    def _conv_forward(self, input: Tensor, weight: Tensor, bias: Optional[Tensor]):
        if self.padding_mode != "zeros":
            return F.conv2d(
                F.pad(
                    input, self._reversed_padding_repeated_twice, mode=self.padding_mode
                ),
                weight,
                bias,
                self.stride,
                _pair(0),
                self.dilation,
                self.groups,
            )
>       return F.conv2d(
            input, weight, bias, self.stride, self.padding, self.dilation, self.groups
        )
E       RuntimeError: Given groups=1, weight of size [16, 3, 3, 3], expected input[4, 1, 32, 32] to have 3 channels, but got 1 channels instead

C:\Users\HP\AppData\Roaming\Python\Python312\site-packages\torch\nn\modules\conv.py:549: RuntimeError
_________________________ test_classifier_softmax_sum _________________________

classifier = MobileNetV3(
  (features): Sequential(
    (0): Conv2dNormActivation(
      (0): Conv2d(3, 16, kernel_size=(3, 3), str...: Hardswish()
    (2): Dropout(p=0.2, inplace=True)
    (3): Linear(in_features=1024, out_features=64, bias=True)
  )
)

    def test_classifier_softmax_sum(classifier):
        x = torch.randn(2, 1, settings.CELL_SIZE, settings.CELL_SIZE)
        with torch.no_grad():
>           logits = classifier(x)

app\tests\test_ml_models.py:47: 
_ _ _ _ _ _ _ _ _ _ _ _ _ _ _ _ _ _ _ _ _ _ _ _ _ _ _ _ _ _ _ _ _ _ _ _ _ _ _ _
C:\Users\HP\AppData\Roaming\Python\Python312\site-packages\torch\nn\modules\module.py:1751: in _wrapped_call_impl
    return self._call_impl(*args, **kwargs)
C:\Users\HP\AppData\Roaming\Python\Python312\site-packages\torch\nn\modules\module.py:1762: in _call_impl
    return forward_call(*args, **kwargs)
C:\Users\HP\AppData\Roaming\Python\Python312\site-packages\torchvision\models\mobilenetv3.py:220: in forward
    return self._forward_impl(x)
C:\Users\HP\AppData\Roaming\Python\Python312\site-packages\torchvision\models\mobilenetv3.py:210: in _forward_impl
    x = self.features(x)
C:\Users\HP\AppData\Roaming\Python\Python312\site-packages\torch\nn\modules\module.py:1751: in _wrapped_call_impl
    return self._call_impl(*args, **kwargs)
C:\Users\HP\AppData\Roaming\Python\Python312\site-packages\torch\nn\modules\module.py:1762: in _call_impl
    return forward_call(*args, **kwargs)
C:\Users\HP\AppData\Roaming\Python\Python312\site-packages\torch\nn\modules\container.py:240: in forward
    input = module(input)
C:\Users\HP\AppData\Roaming\Python\Python312\site-packages\torch\nn\modules\module.py:1751: in _wrapped_call_impl
    return self._call_impl(*args, **kwargs)
C:\Users\HP\AppData\Roaming\Python\Python312\site-packages\torch\nn\modules\module.py:1762: in _call_impl
    return forward_call(*args, **kwargs)
C:\Users\HP\AppData\Roaming\Python\Python312\site-packages\torch\nn\modules\container.py:240: in forward
    input = module(input)
C:\Users\HP\AppData\Roaming\Python\Python312\site-packages\torch\nn\modules\module.py:1751: in _wrapped_call_impl
    return self._call_impl(*args, **kwargs)
C:\Users\HP\AppData\Roaming\Python\Python312\site-packages\torch\nn\modules\module.py:1762: in _call_impl
    return forward_call(*args, **kwargs)
C:\Users\HP\AppData\Roaming\Python\Python312\site-packages\torch\nn\modules\conv.py:554: in forward
    return self._conv_forward(input, self.weight, self.bias)
_ _ _ _ _ _ _ _ _ _ _ _ _ _ _ _ _ _ _ _ _ _ _ _ _ _ _ _ _ _ _ _ _ _ _ _ _ _ _ _

self = Conv2d(3, 16, kernel_size=(3, 3), stride=(2, 2), padding=(1, 1), bias=False)
input = tensor([[[[ 0.3980,  0.0253,  0.8466,  ..., -1.7609, -0.2820,  0.5556],
          [-0.4860, -0.2719, -0.3283,  ..., -0..., -1.3321,  ..., -1.4060, -0.5785, -1.7108],
          [-0.4522, -0.2145,  0.5710,  ..., -0.4107, -1.7264, -0.0079]]]])
weight = Parameter containing:
tensor([[[[-0.1846,  0.2186,  0.0289],
          [ 0.2819, -0.2465,  0.0043],
          [ 0.0471...-0.1937,  0.1091],
          [ 0.0514, -0.0549, -0.1638],
          [ 0.0890,  0.0036,  0.0585]]]], requires_grad=True)
bias = None

    def _conv_forward(self, input: Tensor, weight: Tensor, bias: Optional[Tensor]):
        if self.padding_mode != "zeros":
            return F.conv2d(
                F.pad(
                    input, self._reversed_padding_repeated_twice, mode=self.padding_mode
                ),
                weight,
                bias,
                self.stride,
                _pair(0),
                self.dilation,
                self.groups,
            )
>       return F.conv2d(
            input, weight, bias, self.stride, self.padding, self.dilation, self.groups
        )
E       RuntimeError: Given groups=1, weight of size [16, 3, 3, 3], expected input[2, 1, 32, 32] to have 3 channels, but got 1 channels instead

C:\Users\HP\AppData\Roaming\Python\Python312\site-packages\torch\nn\modules\conv.py:549: RuntimeError
_________________________ test_classifier_top1_valid __________________________

classifier = MobileNetV3(
  (features): Sequential(
    (0): Conv2dNormActivation(
      (0): Conv2d(3, 16, kernel_size=(3, 3), str...: Hardswish()
    (2): Dropout(p=0.2, inplace=True)
    (3): Linear(in_features=1024, out_features=64, bias=True)
  )
)

    def test_classifier_top1_valid(classifier):
        x = torch.randn(1, 1, settings.CELL_SIZE, settings.CELL_SIZE)
        with torch.no_grad():
>           out = classifier(x)

app\tests\test_ml_models.py:63: 
_ _ _ _ _ _ _ _ _ _ _ _ _ _ _ _ _ _ _ _ _ _ _ _ _ _ _ _ _ _ _ _ _ _ _ _ _ _ _ _
C:\Users\HP\AppData\Roaming\Python\Python312\site-packages\torch\nn\modules\module.py:1751: in _wrapped_call_impl
    return self._call_impl(*args, **kwargs)
C:\Users\HP\AppData\Roaming\Python\Python312\site-packages\torch\nn\modules\module.py:1762: in _call_impl
    return forward_call(*args, **kwargs)
C:\Users\HP\AppData\Roaming\Python\Python312\site-packages\torchvision\models\mobilenetv3.py:220: in forward
    return self._forward_impl(x)
C:\Users\HP\AppData\Roaming\Python\Python312\site-packages\torchvision\models\mobilenetv3.py:210: in _forward_impl
    x = self.features(x)
C:\Users\HP\AppData\Roaming\Python\Python312\site-packages\torch\nn\modules\module.py:1751: in _wrapped_call_impl
    return self._call_impl(*args, **kwargs)
C:\Users\HP\AppData\Roaming\Python\Python312\site-packages\torch\nn\modules\module.py:1762: in _call_impl
    return forward_call(*args, **kwargs)
C:\Users\HP\AppData\Roaming\Python\Python312\site-packages\torch\nn\modules\container.py:240: in forward
    input = module(input)
C:\Users\HP\AppData\Roaming\Python\Python312\site-packages\torch\nn\modules\module.py:1751: in _wrapped_call_impl
    return self._call_impl(*args, **kwargs)
C:\Users\HP\AppData\Roaming\Python\Python312\site-packages\torch\nn\modules\module.py:1762: in _call_impl
    return forward_call(*args, **kwargs)
C:\Users\HP\AppData\Roaming\Python\Python312\site-packages\torch\nn\modules\container.py:240: in forward
    input = module(input)
C:\Users\HP\AppData\Roaming\Python\Python312\site-packages\torch\nn\modules\module.py:1751: in _wrapped_call_impl
    return self._call_impl(*args, **kwargs)
C:\Users\HP\AppData\Roaming\Python\Python312\site-packages\torch\nn\modules\module.py:1762: in _call_impl
    return forward_call(*args, **kwargs)
C:\Users\HP\AppData\Roaming\Python\Python312\site-packages\torch\nn\modules\conv.py:554: in forward
    return self._conv_forward(input, self.weight, self.bias)
_ _ _ _ _ _ _ _ _ _ _ _ _ _ _ _ _ _ _ _ _ _ _ _ _ _ _ _ _ _ _ _ _ _ _ _ _ _ _ _

self = Conv2d(3, 16, kernel_size=(3, 3), stride=(2, 2), padding=(1, 1), bias=False)
input = tensor([[[[-1.0604,  0.8074, -1.2242,  ...,  0.1532,  0.2948,  0.3379],
          [ 0.2585, -0.9739, -0.0985,  ..., -0..., -2.4447,  ...,  1.2673, -1.5327, -0.2439],
          [-2.6678, -0.9511, -0.7019,  ...,  0.5256, -0.9488, -1.5436]]]])
weight = Parameter containing:
tensor([[[[ 0.1352, -0.2572, -0.0747],
          [-0.0093, -0.2513, -0.0652],
          [ 0.1994... 0.2148, -0.1496],
          [ 0.0299, -0.0267,  0.0631],
          [ 0.1186,  0.0186, -0.3271]]]], requires_grad=True)
bias = None

    def _conv_forward(self, input: Tensor, weight: Tensor, bias: Optional[Tensor]):
        if self.padding_mode != "zeros":
            return F.conv2d(
                F.pad(
                    input, self._reversed_padding_repeated_twice, mode=self.padding_mode
                ),
                weight,
                bias,
                self.stride,
                _pair(0),
                self.dilation,
                self.groups,
            )
>       return F.conv2d(
            input, weight, bias, self.stride, self.padding, self.dilation, self.groups
        )
E       RuntimeError: Given groups=1, weight of size [16, 3, 3, 3], expected input[1, 1, 32, 32] to have 3 channels, but got 1 channels instead

C:\Users\HP\AppData\Roaming\Python\Python312\site-packages\torch\nn\modules\conv.py:549: RuntimeError
============================== warnings summary ===============================
C:\Users\HP\AppData\Roaming\Python\Python312\site-packages\_pytest\config\__init__.py:1441
  C:\Users\HP\AppData\Roaming\Python\Python312\site-packages\_pytest\config\__init__.py:1441: PytestConfigWarning: Unknown config option: asyncio_default_fixture_loop_scope
  
    self._warn_or_fail_if_strict(f"Unknown config option: {key}\n")

C:\Users\HP\AppData\Roaming\Python\Python312\site-packages\_pytest\config\__init__.py:1441
  C:\Users\HP\AppData\Roaming\Python\Python312\site-packages\_pytest\config\__init__.py:1441: PytestConfigWarning: Unknown config option: asyncio_mode
  
    self._warn_or_fail_if_strict(f"Unknown config option: {key}\n")

app\schemas\document.py:6
  D:\Hacknight\braille-conversion-tool\backend\app\schemas\document.py:6: PydanticDeprecatedSince20: Support for class-based `config` is deprecated, use ConfigDict instead. Deprecated in Pydantic V2.0 to be removed in V3.0. See Pydantic V2 Migration Guide at https://errors.pydantic.dev/2.12/migration/
    class DocumentResponse(BaseModel):

app\schemas\inference.py:21
  D:\Hacknight\braille-conversion-tool\backend\app\schemas\inference.py:21: PydanticDeprecatedSince20: Support for class-based `config` is deprecated, use ConfigDict instead. Deprecated in Pydantic V2.0 to be removed in V3.0. See Pydantic V2 Migration Guide at https://errors.pydantic.dev/2.12/migration/
    class InferenceResultDetail(BaseModel):

app\schemas\job.py:6
  D:\Hacknight\braille-conversion-tool\backend\app\schemas\job.py:6: PydanticDeprecatedSince20: Support for class-based `config` is deprecated, use ConfigDict instead. Deprecated in Pydantic V2.0 to be removed in V3.0. See Pydantic V2 Migration Guide at https://errors.pydantic.dev/2.12/migration/
    class JobResponse(BaseModel):

app\schemas\user.py:6
  D:\Hacknight\braille-conversion-tool\backend\app\schemas\user.py:6: PydanticDeprecatedSince20: Support for class-based `config` is deprecated, use ConfigDict instead. Deprecated in Pydantic V2.0 to be removed in V3.0. See Pydantic V2 Migration Guide at https://errors.pydantic.dev/2.12/migration/
    class UserProfile(BaseModel):

app\tests\test_auth.py:6
  D:\Hacknight\braille-conversion-tool\backend\app\tests\test_auth.py:6: PytestUnknownMarkWarning: Unknown pytest.mark.asyncio - is this a typo?  You can register custom marks to avoid this warning - for details, see https://docs.pytest.org/en/stable/how-to/mark.html
    @pytest.mark.asyncio

app\tests\test_auth.py:36
  D:\Hacknight\braille-conversion-tool\backend\app\tests\test_auth.py:36: PytestUnknownMarkWarning: Unknown pytest.mark.asyncio - is this a typo?  You can register custom marks to avoid this warning - for details, see https://docs.pytest.org/en/stable/how-to/mark.html
    @pytest.mark.asyncio

app\tests\test_auth.py:49
  D:\Hacknight\braille-conversion-tool\backend\app\tests\test_auth.py:49: PytestUnknownMarkWarning: Unknown pytest.mark.asyncio - is this a typo?  You can register custom marks to avoid this warning - for details, see https://docs.pytest.org/en/stable/how-to/mark.html
    @pytest.mark.asyncio

app\tests\test_auth.py:63
  D:\Hacknight\braille-conversion-tool\backend\app\tests\test_auth.py:63: PytestUnknownMarkWarning: Unknown pytest.mark.asyncio - is this a typo?  You can register custom marks to avoid this warning - for details, see https://docs.pytest.org/en/stable/how-to/mark.html
    @pytest.mark.asyncio

app\tests\test_export.py:11
  D:\Hacknight\braille-conversion-tool\backend\app\tests\test_export.py:11: PytestUnknownMarkWarning: Unknown pytest.mark.asyncio - is this a typo?  You can register custom marks to avoid this warning - for details, see https://docs.pytest.org/en/stable/how-to/mark.html
    @pytest.mark.asyncio

app\tests\test_export.py:22
  D:\Hacknight\braille-conversion-tool\backend\app\tests\test_export.py:22: PytestUnknownMarkWarning: Unknown pytest.mark.asyncio - is this a typo?  You can register custom marks to avoid this warning - for details, see https://docs.pytest.org/en/stable/how-to/mark.html
    @pytest.mark.asyncio

app\tests\test_export.py:37
  D:\Hacknight\braille-conversion-tool\backend\app\tests\test_export.py:37: PytestUnknownMarkWarning: Unknown pytest.mark.asyncio - is this a typo?  You can register custom marks to avoid this warning - for details, see https://docs.pytest.org/en/stable/how-to/mark.html
    @pytest.mark.asyncio

app\tests\test_ocr.py:20
  D:\Hacknight\braille-conversion-tool\backend\app\tests\test_ocr.py:20: PytestUnknownMarkWarning: Unknown pytest.mark.asyncio - is this a typo?  You can register custom marks to avoid this warning - for details, see https://docs.pytest.org/en/stable/how-to/mark.html
    @pytest.mark.asyncio

app\tests\test_ocr.py:29
  D:\Hacknight\braille-conversion-tool\backend\app\tests\test_ocr.py:29: PytestUnknownMarkWarning: Unknown pytest.mark.asyncio - is this a typo?  You can register custom marks to avoid this warning - for details, see https://docs.pytest.org/en/stable/how-to/mark.html
    @pytest.mark.asyncio

app\tests\test_ocr.py:37
  D:\Hacknight\braille-conversion-tool\backend\app\tests\test_ocr.py:37: PytestUnknownMarkWarning: Unknown pytest.mark.asyncio - is this a typo?  You can register custom marks to avoid this warning - for details, see https://docs.pytest.org/en/stable/how-to/mark.html
    @pytest.mark.asyncio

app\tests\test_recognition_pipeline.py:5
  D:\Hacknight\braille-conversion-tool\backend\app\tests\test_recognition_pipeline.py:5: PytestUnknownMarkWarning: Unknown pytest.mark.asyncio - is this a typo?  You can register custom marks to avoid this warning - for details, see https://docs.pytest.org/en/stable/how-to/mark.html
    @pytest.mark.asyncio

app\tests\test_recognition_pipeline.py:26
  D:\Hacknight\braille-conversion-tool\backend\app\tests\test_recognition_pipeline.py:26: PytestUnknownMarkWarning: Unknown pytest.mark.asyncio - is this a typo?  You can register custom marks to avoid this warning - for details, see https://docs.pytest.org/en/stable/how-to/mark.html
    @pytest.mark.asyncio

app/tests/test_auth.py: 4 warnings
app/tests/test_export.py: 3 warnings
app/tests/test_ocr.py: 3 warnings
app/tests/test_recognition_pipeline.py: 2 warnings
  C:\Users\HP\AppData\Roaming\Python\Python312\site-packages\_pytest\python.py:148: PytestUnhandledCoroutineWarning: async def functions are not natively supported and have been skipped.
  You need to install a suitable plugin for your async framework, for example:
    - anyio
    - pytest-asyncio
    - pytest-tornasync
    - pytest-trio
    - pytest-twisted
    warnings.warn(PytestUnhandledCoroutineWarning(msg.format(nodeid)))

-- Docs: https://docs.pytest.org/en/stable/how-to/capture-warnings.html
=========================== short test summary info ===========================
FAILED app/tests/test_ml_models.py::test_classifier_forward_shape - RuntimeEr...
FAILED app/tests/test_ml_models.py::test_classifier_softmax_sum - RuntimeErro...
FAILED app/tests/test_ml_models.py::test_classifier_top1_valid - RuntimeError...
=========== 3 failed, 50 passed, 12 skipped, 30 warnings in 18.73s ============
