============================= test session starts =============================
platform win32 -- Python 3.12.6, pytest-8.3.5, pluggy-1.5.0
rootdir: D:\Hacknight\braille-conversion-tool\backend
configfile: pytest.ini
plugins: anyio-4.12.1
collected 65 items

app\tests\test_auth.py ssss                                              [  6%]
app\tests\test_braille.py ......                                         [ 15%]
app\tests\test_braille_translation.py ............................       [ 58%]
app\tests\test_export.py sss                                             [ 63%]
app\tests\test_losses.py .....                                           [ 70%]
app\tests\test_metrics.py ........                                       [ 83%]
app\tests\test_ml_models.py ..FF.F                                       [ 92%]
app\tests\test_ocr.py sss                                                [ 96%]
app\tests\test_recognition_pipeline.py ss                                [100%]

================================== FAILURES ===================================
________________________ test_classifier_forward_shape ________________________

classifier = MobileNetV3(
  (features): Sequential(
    (0): Conv2dNormActivation(
      (0): Conv2d(3, 16, kernel_size=(3, 3), str...: Hardswish()
    (2): Dropout(p=0.2, inplace=True)
    (3): Linear(in_features=1024, out_features=64, bias=True)
  )
)

    def test_classifier_forward_shape(classifier):
        x = torch.randn(4, 1, settings.CELL_SIZE, settings.CELL_SIZE)
        with torch.no_grad():
>           out = classifier(x)

app\tests\test_ml_models.py:40: 
_ _ _ _ _ _ _ _ _ _ _ _ _ _ _ _ _ _ _ _ _ _ _ _ _ _ _ _ _ _ _ _ _ _ _ _ _ _ _ _
C:\Users\HP\AppData\Roaming\Python\Python312\site-packages\torch\nn\modules\module.py:1751: in _wrapped_call_impl
    return self._call_impl(*args, **kwargs)
C:\Users\HP\AppData\Roaming\Python\Python312\site-packages\torch\nn\modules\module.py:1762: in _call_impl
    return forward_call(*args, **kwargs)
C:\Users\HP\AppData\Roaming\Python\Python312\site-packages\torchvision\models\mobilenetv3.py:220: in forward
    return self._forward_impl(x)
C:\Users\HP\AppData\Roaming\Python\Python312\site-packages\torchvision\models\mobilenetv3.py:210: in _forward_impl
    x = self.features(x)
C:\Users\HP\AppData\Roaming\Python\Python312\site-packages\torch\nn\modules\module.py:1751: in _wrapped_call_impl
    return self._call_impl(*args, **kwargs)
C:\Users\HP\AppData\Roaming\Python\Python312\site-packages\torch\nn\modules\module.py:1762: in _call_impl
    return forward_call(*args, **kwargs)
C:\Users\HP\AppData\Roaming\Python\Python312\site-packages\torch\nn\modules\container.py:240: in forward
    input = module(input)
C:\Users\HP\AppData\Roaming\Python\Python312\site-packages\torch\nn\modules\module.py:1751: in _wrapped_call_impl
    return self._call_impl(*args, **kwargs)
C:\Users\HP\AppData\Roaming\Python\Python312\site-packages\torch\nn\modules\module.py:1762: in _call_impl
    return forward_call(*args, **kwargs)
C:\Users\HP\AppData\Roaming\Python\Python312\site-packages\torch\nn\modules\container.py:240: in forward
    input = module(input)
C:\Users\HP\AppData\Roaming\Python\Python312\site-packages\torch\nn\modules\module.py:1751: in _wrapped_call_impl
    return self._call_impl(*args, **kwargs)
C:\Users\HP\AppData\Roaming\Python\Python312\site-packages\torch\nn\modules\module.py:1762: in _call_impl
    return forward_call(*args, **kwargs)
C:\Users\HP\AppData\Roaming\Python\Python312\site-packages\torch\nn\modules\conv.py:554: in forward
    return self._conv_forward(input, self.weight, self.bias)
_ _ _ _ _ _ _ _ _ _ _ _ _ _ _ _ _ _ _ _ _ _ _ _ _ _ _ _ _ _ _ _ _ _ _ _ _ _ _ _

self = Conv2d(3, 16, kernel_size=(3, 3), stride=(2, 2), padding=(1, 1), bias=False)
input = tensor([[[[ 1.8868, -0.8431,  0.3011,  ..., -0.7733, -0.2417, -0.8863],
          [ 0.1050,  1.0728, -0.3073,  ..., -1..., -1.2403,  ...,  0.0140,  0.7856, -1.3395],
          [ 0.2026, -1.2035, -1.7604,  ...,  0.6028, -0.1003, -0.7296]]]])
weight = Parameter containing:
tensor([[[[ 0.1567, -0.1238, -0.0413],
          [-0.1925,  0.0359,  0.0513],
          [ 0.0215...-0.0127, -0.2048],
          [-0.0573, -0.0836, -0.1637],
          [ 0.2144, -0.0652,  0.0907]]]], requires_grad=True)
bias = None

    def _conv_forward(self, input: Tensor, weight: Tensor, bias: Optional[Tensor]):
        if self.padding_mode != "zeros":
            return F.conv2d(
                F.pad(
                    input, self._reversed_padding_repeated_twice, mode=self.padding_mode
                ),
                weight,
                bias,
                self.stride,
                _pair(0),
                self.dilation,
                self.groups,
            )
>       return F.conv2d(
            input, weight, bias, self.stride, self.padding, self.dilation, self.groups
        )
E       RuntimeError: Given groups=1, weight of size [16, 3, 3, 3], expected input[4, 1, 32, 32] to have 3 channels, but got 1 channels instead

C:\Users\HP\AppData\Roaming\Python\Python312\site-packages\torch\nn\modules\conv.py:549: RuntimeError
_________________________ test_classifier_softmax_sum _________________________

classifier = MobileNetV3(
  (features): Sequential(
    (0): Conv2dNormActivation(
      (0): Conv2d(3, 16, kernel_size=(3, 3), str...: Hardswish()
    (2): Dropout(p=0.2, inplace=True)
    (3): Linear(in_features=1024, out_features=64, bias=True)
  )
)

    def test_classifier_softmax_sum(classifier):
        x = torch.randn(2, 1, settings.CELL_SIZE, settings.CELL_SIZE)
        with torch.no_grad():
>           logits = classifier(x)

app\tests\test_ml_models.py:47: 
_ _ _ _ _ _ _ _ _ _ _ _ _ _ _ _ _ _ _ _ _ _ _ _ _ _ _ _ _ _ _ _ _ _ _ _ _ _ _ _
C:\Users\HP\AppData\Roaming\Python\Python312\site-packages\torch\nn\modules\module.py:1751: in _wrapped_call_impl
    return self._call_impl(*args, **kwargs)
C:\Users\HP\AppData\Roaming\Python\Python312\site-packages\torch\nn\modules\module.py:1762: in _call_impl
    return forward_call(*args, **kwargs)
C:\Users\HP\AppData\Roaming\Python\Python312\site-packages\torchvision\models\mobilenetv3.py:220: in forward
    return self._forward_impl(x)
C:\Users\HP\AppData\Roaming\Python\Python312\site-packages\torchvision\models\mobilenetv3.py:210: in _forward_impl
    x = self.features(x)
C:\Users\HP\AppData\Roaming\Python\Python312\site-packages\torch\nn\modules\module.py:1751: in _wrapped_call_impl
    return self._call_impl(*args, **kwargs)
C:\Users\HP\AppData\Roaming\Python\Python312\site-packages\torch\nn\modules\module.py:1762: in _call_impl
    return forward_call(*args, **kwargs)
C:\Users\HP\AppData\Roaming\Python\Python312\site-packages\torch\nn\modules\container.py:240: in forward
    input = module(input)
C:\Users\HP\AppData\Roaming\Python\Python312\site-packages\torch\nn\modules\module.py:1751: in _wrapped_call_impl
    return self._call_impl(*args, **kwargs)
C:\Users\HP\AppData\Roaming\Python\Python312\site-packages\torch\nn\modules\module.py:1762: in _call_impl
    return forward_call(*args, **kwargs)
C:\Users\HP\AppData\Roaming\Python\Python312\site-packages\torch\nn\modules\container.py:240: in forward
    input = module(input)
C:\Users\HP\AppData\Roaming\Python\Python312\site-packages\torch\nn\modules\module.py:1751: in _wrapped_call_impl
    return self._call_impl(*args, **kwargs)
C:\Users\HP\AppData\Roaming\Python\Python312\site-packages\torch\nn\modules\module.py:1762: in _call_impl
    return forward_call(*args, **kwargs)
C:\Users\HP\AppData\Roaming\Python\Python312\site-packages\torch\nn\modules\conv.py:554: in forward
    return self._conv_forward(input, self.weight, self.bias)
_ _ _ _ _ _ _ _ _ _ _ _ _ _ _ _ _ _ _ _ _ _ _ _ _ _ _ _ _ _ _ _ _ _ _ _ _ _ _ _

self = Conv2d(3, 16, kernel_size=(3, 3), stride=(2, 2), padding=(1, 1), bias=False)
input = tensor([[[[ 0.0749, -0.4060, -0.6491,  ..., -1.4055,  0.6565, -0.2162],
          [ 0.3470,  0.6152,  0.8204,  ..., -0...,  1.5169,  ..., -0.3388,  0.0139, -1.3714],
          [-1.1679, -0.2315,  0.0200,  ..., -0.0352,  1.3312, -0.9257]]]])
weight = Parameter containing:
tensor([[[[ 3.7943e-03,  1.9034e-01, -2.5089e-01],
          [ 1.0514e-01, -8.6143e-02, -3.7031e...     [-5.0363e-02,  9.6328e-02, -1.0597e-01],
          [ 1.7598e-02, -1.0184e-01,  2.3598e-01]]]], requires_grad=True)
bias = None

    def _conv_forward(self, input: Tensor, weight: Tensor, bias: Optional[Tensor]):
        if self.padding_mode != "zeros":
            return F.conv2d(
                F.pad(
                    input, self._reversed_padding_repeated_twice, mode=self.padding_mode
                ),
                weight,
                bias,
                self.stride,
                _pair(0),
                self.dilation,
                self.groups,
            )
>       return F.conv2d(
            input, weight, bias, self.stride, self.padding, self.dilation, self.groups
        )
E       RuntimeError: Given groups=1, weight of size [16, 3, 3, 3], expected input[2, 1, 32, 32] to have 3 channels, but got 1 channels instead

C:\Users\HP\AppData\Roaming\Python\Python312\site-packages\torch\nn\modules\conv.py:549: RuntimeError
_________________________ test_classifier_top1_valid __________________________

classifier = MobileNetV3(
  (features): Sequential(
    (0): Conv2dNormActivation(
      (0): Conv2d(3, 16, kernel_size=(3, 3), str...: Hardswish()
    (2): Dropout(p=0.2, inplace=True)
    (3): Linear(in_features=1024, out_features=64, bias=True)
  )
)

    def test_classifier_top1_valid(classifier):
        x = torch.randn(1, 1, settings.CELL_SIZE, settings.CELL_SIZE)
        with torch.no_grad():
>           out = classifier(x)

app\tests\test_ml_models.py:63: 
_ _ _ _ _ _ _ _ _ _ _ _ _ _ _ _ _ _ _ _ _ _ _ _ _ _ _ _ _ _ _ _ _ _ _ _ _ _ _ _
C:\Users\HP\AppData\Roaming\Python\Python312\site-packages\torch\nn\modules\module.py:1751: in _wrapped_call_impl
    return self._call_impl(*args, **kwargs)
C:\Users\HP\AppData\Roaming\Python\Python312\site-packages\torch\nn\modules\module.py:1762: in _call_impl
    return forward_call(*args, **kwargs)
C:\Users\HP\AppData\Roaming\Python\Python312\site-packages\torchvision\models\mobilenetv3.py:220: in forward
    return self._forward_impl(x)
C:\Users\HP\AppData\Roaming\Python\Python312\site-packages\torchvision\models\mobilenetv3.py:210: in _forward_impl
    x = self.features(x)
C:\Users\HP\AppData\Roaming\Python\Python312\site-packages\torch\nn\modules\module.py:1751: in _wrapped_call_impl
    return self._call_impl(*args, **kwargs)
C:\Users\HP\AppData\Roaming\Python\Python312\site-packages\torch\nn\modules\module.py:1762: in _call_impl
    return forward_call(*args, **kwargs)
C:\Users\HP\AppData\Roaming\Python\Python312\site-packages\torch\nn\modules\container.py:240: in forward
    input = module(input)
C:\Users\HP\AppData\Roaming\Python\Python312\site-packages\torch\nn\modules\module.py:1751: in _wrapped_call_impl
    return self._call_impl(*args, **kwargs)
C:\Users\HP\AppData\Roaming\Python\Python312\site-packages\torch\nn\modules\module.py:1762: in _call_impl
    return forward_call(*args, **kwargs)
C:\Users\HP\AppData\Roaming\Python\Python312\site-packages\torch\nn\modules\container.py:240: in forward
    input = module(input)
C:\Users\HP\AppData\Roaming\Python\Python312\site-packages\torch\nn\modules\module.py:1751: in _wrapped_call_impl
    return self._call_impl(*args, **kwargs)
C:\Users\HP\AppData\Roaming\Python\Python312\site-packages\torch\nn\modules\module.py:1762: in _call_impl
    return forward_call(*args, **kwargs)
C:\Users\HP\AppData\Roaming\Python\Python312\site-packages\torch\nn\modules\conv.py:554: in forward
    return self._conv_forward(input, self.weight, self.bias)
_ _ _ _ _ _ _ _ _ _ _ _ _ _ _ _ _ _ _ _ _ _ _ _ _ _ _ _ _ _ _ _ _ _ _ _ _ _ _ _

self = Conv2d(3, 16, kernel_size=(3, 3), stride=(2, 2), padding=(1, 1), bias=False)
input = tensor([[[[-0.5115,  1.2221,  0.3797,  ...,  0.6465,  1.3690,  1.7440],
          [ 1.3445, -0.7315,  0.7587,  ...,  0..., -0.4910,  ...,  1.7139, -0.9206,  0.1968],
          [-1.6785,  1.1770,  0.8313,  ...,  0.7772,  1.0750,  0.9344]]]])
weight = Parameter containing:
tensor([[[[ 5.8630e-02,  2.9935e-02, -4.3249e-02],
          [-7.1326e-02, -3.4629e-02,  6.2698e...     [-3.8112e-02, -7.9953e-03, -1.2739e-01],
          [-5.1587e-02,  4.9995e-02,  1.0959e-01]]]], requires_grad=True)
bias = None

    def _conv_forward(self, input: Tensor, weight: Tensor, bias: Optional[Tensor]):
        if self.padding_mode != "zeros":
            return F.conv2d(
                F.pad(
                    input, self._reversed_padding_repeated_twice, mode=self.padding_mode
                ),
                weight,
                bias,
                self.stride,
                _pair(0),
                self.dilation,
                self.groups,
            )
>       return F.conv2d(
            input, weight, bias, self.stride, self.padding, self.dilation, self.groups
        )
E       RuntimeError: Given groups=1, weight of size [16, 3, 3, 3], expected input[1, 1, 32, 32] to have 3 channels, but got 1 channels instead

C:\Users\HP\AppData\Roaming\Python\Python312\site-packages\torch\nn\modules\conv.py:549: RuntimeError
============================== warnings summary ===============================
C:\Users\HP\AppData\Roaming\Python\Python312\site-packages\_pytest\config\__init__.py:1441
  C:\Users\HP\AppData\Roaming\Python\Python312\site-packages\_pytest\config\__init__.py:1441: PytestConfigWarning: Unknown config option: asyncio_default_fixture_loop_scope
  
    self._warn_or_fail_if_strict(f"Unknown config option: {key}\n")

C:\Users\HP\AppData\Roaming\Python\Python312\site-packages\_pytest\config\__init__.py:1441
  C:\Users\HP\AppData\Roaming\Python\Python312\site-packages\_pytest\config\__init__.py:1441: PytestConfigWarning: Unknown config option: asyncio_mode
  
    self._warn_or_fail_if_strict(f"Unknown config option: {key}\n")

app\schemas\document.py:6
  D:\Hacknight\braille-conversion-tool\backend\app\schemas\document.py:6: PydanticDeprecatedSince20: Support for class-based `config` is deprecated, use ConfigDict instead. Deprecated in Pydantic V2.0 to be removed in V3.0. See Pydantic V2 Migration Guide at https://errors.pydantic.dev/2.12/migration/
    class DocumentResponse(BaseModel):

app\schemas\inference.py:21
  D:\Hacknight\braille-conversion-tool\backend\app\schemas\inference.py:21: PydanticDeprecatedSince20: Support for class-based `config` is deprecated, use ConfigDict instead. Deprecated in Pydantic V2.0 to be removed in V3.0. See Pydantic V2 Migration Guide at https://errors.pydantic.dev/2.12/migration/
    class InferenceResultDetail(BaseModel):

app\schemas\job.py:6
  D:\Hacknight\braille-conversion-tool\backend\app\schemas\job.py:6: PydanticDeprecatedSince20: Support for class-based `config` is deprecated, use ConfigDict instead. Deprecated in Pydantic V2.0 to be removed in V3.0. See Pydantic V2 Migration Guide at https://errors.pydantic.dev/2.12/migration/
    class JobResponse(BaseModel):

app\schemas\user.py:6
  D:\Hacknight\braille-conversion-tool\backend\app\schemas\user.py:6: PydanticDeprecatedSince20: Support for class-based `config` is deprecated, use ConfigDict instead. Deprecated in Pydantic V2.0 to be removed in V3.0. See Pydantic V2 Migration Guide at https://errors.pydantic.dev/2.12/migration/
    class UserProfile(BaseModel):

app\tests\test_auth.py:6
  D:\Hacknight\braille-conversion-tool\backend\app\tests\test_auth.py:6: PytestUnknownMarkWarning: Unknown pytest.mark.asyncio - is this a typo?  You can register custom marks to avoid this warning - for details, see https://docs.pytest.org/en/stable/how-to/mark.html
    @pytest.mark.asyncio

app\tests\test_auth.py:36
  D:\Hacknight\braille-conversion-tool\backend\app\tests\test_auth.py:36: PytestUnknownMarkWarning: Unknown pytest.mark.asyncio - is this a typo?  You can register custom marks to avoid this warning - for details, see https://docs.pytest.org/en/stable/how-to/mark.html
    @pytest.mark.asyncio

app\tests\test_auth.py:49
  D:\Hacknight\braille-conversion-tool\backend\app\tests\test_auth.py:49: PytestUnknownMarkWarning: Unknown pytest.mark.asyncio - is this a typo?  You can register custom marks to avoid this warning - for details, see https://docs.pytest.org/en/stable/how-to/mark.html
    @pytest.mark.asyncio

app\tests\test_auth.py:63
  D:\Hacknight\braille-conversion-tool\backend\app\tests\test_auth.py:63: PytestUnknownMarkWarning: Unknown pytest.mark.asyncio - is this a typo?  You can register custom marks to avoid this warning - for details, see https://docs.pytest.org/en/stable/how-to/mark.html
    @pytest.mark.asyncio

app\tests\test_export.py:11
  D:\Hacknight\braille-conversion-tool\backend\app\tests\test_export.py:11: PytestUnknownMarkWarning: Unknown pytest.mark.asyncio - is this a typo?  You can register custom marks to avoid this warning - for details, see https://docs.pytest.org/en/stable/how-to/mark.html
    @pytest.mark.asyncio

app\tests\test_export.py:22
  D:\Hacknight\braille-conversion-tool\backend\app\tests\test_export.py:22: PytestUnknownMarkWarning: Unknown pytest.mark.asyncio - is this a typo?  You can register custom marks to avoid this warning - for details, see https://docs.pytest.org/en/stable/how-to/mark.html
    @pytest.mark.asyncio

app\tests\test_export.py:37
  D:\Hacknight\braille-conversion-tool\backend\app\tests\test_export.py:37: PytestUnknownMarkWarning: Unknown pytest.mark.asyncio - is this a typo?  You can register custom marks to avoid this warning - for details, see https://docs.pytest.org/en/stable/how-to/mark.html
    @pytest.mark.asyncio

app\tests\test_ocr.py:20
  D:\Hacknight\braille-conversion-tool\backend\app\tests\test_ocr.py:20: PytestUnknownMarkWarning: Unknown pytest.mark.asyncio - is this a typo?  You can register custom marks to avoid this warning - for details, see https://docs.pytest.org/en/stable/how-to/mark.html
    @pytest.mark.asyncio

app\tests\test_ocr.py:29
  D:\Hacknight\braille-conversion-tool\backend\app\tests\test_ocr.py:29: PytestUnknownMarkWarning: Unknown pytest.mark.asyncio - is this a typo?  You can register custom marks to avoid this warning - for details, see https://docs.pytest.org/en/stable/how-to/mark.html
    @pytest.mark.asyncio

app\tests\test_ocr.py:37
  D:\Hacknight\braille-conversion-tool\backend\app\tests\test_ocr.py:37: PytestUnknownMarkWarning: Unknown pytest.mark.asyncio - is this a typo?  You can register custom marks to avoid this warning - for details, see https://docs.pytest.org/en/stable/how-to/mark.html
    @pytest.mark.asyncio

app\tests\test_recognition_pipeline.py:5
  D:\Hacknight\braille-conversion-tool\backend\app\tests\test_recognition_pipeline.py:5: PytestUnknownMarkWarning: Unknown pytest.mark.asyncio - is this a typo?  You can register custom marks to avoid this warning - for details, see https://docs.pytest.org/en/stable/how-to/mark.html
    @pytest.mark.asyncio

app\tests\test_recognition_pipeline.py:26
  D:\Hacknight\braille-conversion-tool\backend\app\tests\test_recognition_pipeline.py:26: PytestUnknownMarkWarning: Unknown pytest.mark.asyncio - is this a typo?  You can register custom marks to avoid this warning - for details, see https://docs.pytest.org/en/stable/how-to/mark.html
    @pytest.mark.asyncio

app/tests/test_auth.py: 4 warnings
app/tests/test_export.py: 3 warnings
app/tests/test_ocr.py: 3 warnings
app/tests/test_recognition_pipeline.py: 2 warnings
  C:\Users\HP\AppData\Roaming\Python\Python312\site-packages\_pytest\python.py:148: PytestUnhandledCoroutineWarning: async def functions are not natively supported and have been skipped.
  You need to install a suitable plugin for your async framework, for example:
    - anyio
    - pytest-asyncio
    - pytest-tornasync
    - pytest-trio
    - pytest-twisted
    warnings.warn(PytestUnhandledCoroutineWarning(msg.format(nodeid)))

-- Docs: https://docs.pytest.org/en/stable/how-to/capture-warnings.html
=========================== short test summary info ===========================
FAILED app/tests/test_ml_models.py::test_classifier_forward_shape - RuntimeEr...
FAILED app/tests/test_ml_models.py::test_classifier_softmax_sum - RuntimeErro...
FAILED app/tests/test_ml_models.py::test_classifier_top1_valid - RuntimeError...
=========== 3 failed, 50 passed, 12 skipped, 30 warnings in 22.23s ============
